<?xml version="1.0" encoding="UTF-8"?>
<testng-results skipped="0" failed="1" ignored="0" total="1" passed="0">
  <reporter-output>
  </reporter-output>
  <suite name="Default suite" duration-ms="48" started-at="2018-10-29T07:45:21Z" finished-at="2018-10-29T07:45:21Z">
    <groups>
    </groups>
    <test name="Default test" duration-ms="48" started-at="2018-10-29T07:45:21Z" finished-at="2018-10-29T07:45:21Z">
      <class name="testNGParametrisation.ReadfromExcel">
        <test-method status="PASS" signature="testSetup()[pri:0, instance:testNGParametrisation.ReadfromExcel@61832929]" name="testSetup" is-config="true" duration-ms="5170" started-at="2018-10-29T07:45:16Z" finished-at="2018-10-29T07:45:21Z">
          <reporter-output>
          </reporter-output>
        </test-method> <!-- testSetup -->
        <test-method status="FAIL" signature="verifyLogin(java.lang.String, java.lang.String)[pri:0, instance:testNGParametrisation.ReadfromExcel@61832929]" name="verifyLogin" duration-ms="0" started-at="2018-10-29T07:45:21Z" data-provider="SBLogin" finished-at="2018-10-29T07:45:21Z">
          <exception class="org.testng.TestNGException">
            <message>
              <![CDATA[
Some DataProvider public void testNGParametrisation.ReadfromExcel.verifyLogin(java.lang.String,java.lang.String) parameters unresolved:  at 0 type class java.lang.String
 at 1 type class java.lang.String
]]>
            </message>
            <full-stacktrace>
              <![CDATA[org.testng.TestNGException: 
Some DataProvider public void testNGParametrisation.ReadfromExcel.verifyLogin(java.lang.String,java.lang.String) parameters unresolved:  at 0 type class java.lang.String
 at 1 type class java.lang.String

at org.testng.internal.MethodInvocationHelper.getParameters(MethodInvocationHelper.java:197)
at org.testng.internal.MethodInvocationHelper.invokeDataProvider(MethodInvocationHelper.java:130)
at org.testng.internal.Parameters.handleParameters(Parameters.java:706)
at org.testng.internal.ParameterHandler.handleParameters(ParameterHandler.java:49)
at org.testng.internal.ParameterHandler.createParameters(ParameterHandler.java:37)
at org.testng.internal.Invoker.invokeTestMethods(Invoker.java:923)
at org.testng.internal.TestMethodWorker.invokeTestMethods(TestMethodWorker.java:125)
at org.testng.internal.TestMethodWorker.run(TestMethodWorker.java:109)
at org.testng.TestRunner.privateRun(TestRunner.java:648)
at org.testng.TestRunner.run(TestRunner.java:505)
at org.testng.SuiteRunner.runTest(SuiteRunner.java:455)
at org.testng.SuiteRunner.runSequentially(SuiteRunner.java:450)
at org.testng.SuiteRunner.privateRun(SuiteRunner.java:415)
at org.testng.SuiteRunner.run(SuiteRunner.java:364)
at org.testng.SuiteRunnerWorker.runSuite(SuiteRunnerWorker.java:52)
at org.testng.SuiteRunnerWorker.run(SuiteRunnerWorker.java:84)
at org.testng.TestNG.runSuitesSequentially(TestNG.java:1208)
at org.testng.TestNG.runSuitesLocally(TestNG.java:1137)
at org.testng.TestNG.runSuites(TestNG.java:1049)
at org.testng.TestNG.run(TestNG.java:1017)
at org.testng.remote.AbstractRemoteTestNG.run(AbstractRemoteTestNG.java:114)
at org.testng.remote.RemoteTestNG.initAndRun(RemoteTestNG.java:251)
at org.testng.remote.RemoteTestNG.main(RemoteTestNG.java:77)
]]>
            </full-stacktrace>
          </exception> <!-- org.testng.TestNGException -->
          <reporter-output>
          </reporter-output>
        </test-method> <!-- verifyLogin -->
      </class> <!-- testNGParametrisation.ReadfromExcel -->
    </test> <!-- Default test -->
  </suite> <!-- Default suite -->
</testng-results>
